::1 POST /auth/register 201 159 - 334.683 ms
::1 POST /auth/login 200 234 - 181.935 ms
::1 GET /products/ 200 3864 - 60.596 ms
::1 GET /products/ 200 3864 - 44.078 ms
::1 GET /products/6931bc4fe0928cb739a81942 200 157 - 47.737 ms
::1 DELETE /products/6931bc4fe0928cb739a81942 401 48 - 4.039 ms
::1 DELETE /products/6931bc4fe0928cb739a81942 401 49 - 15.657 ms
::1 PATCH /products/6931bc4fe0928cb739a81942 401 49 - 18.545 ms
::1 PATCH /products/6931bc4fe0928cb739a81942 401 49 - 3.207 ms
::1 POST /products 401 49 - 20.802 ms
::1 DELETE /products/6931bc4fe0928cb739a81942 200 157 - 188.558 ms
::1 GET /products/6931bc4fe0928cb739a81942 404 50 - 57.318 ms
::1 GET /products/ 200 3730 - 62.194 ms
::1 PATCH /products/692f6bc94526cd2508aadf6a 200 191 - 97.353 ms
::1 POST /products 401 49 - 0.845 ms
::1 POST /products 201 204 - 126.906 ms
::1 GET /products/693a30b2b37853806e7def2e 200 204 - 46.809 ms
::1 GET /products/ 200 3912 - 380.879 ms
::1 DELETE /products/6931be34e0928cb739a8195 400 40 - 3.676 ms
::1 DELETE /products/6931be34e0928cb739a81950hg 400 40 - 5.745 ms
::1 DELETE /products/6931be34e0928cb739a81950 401 49 - 4.373 ms
::1 DELETE /products/6931be34e0928cb739a81950 401 49 - 4.376 ms
::1 DELETE /products/6931be34e0928cb739a81950 401 45 - 24.420 ms
::1 DELETE /products/6931be34e0928cb739a81950 401 48 - 9.421 ms
::1 DELETE /products/69374bd484ab75da18ef8ae4 200 152 - 612.851 ms
::1 POST /auth/login 200 234 - 556.410 ms
::1 GET /products/ 200 3783 - 96.496 ms
::1 DELETE /products/6939c678ce6ccba189ef2a12 200 141 - 261.600 ms
::1 GET /products/ 200 3665 - 95.217 ms
::1 DELETE /products/6939c53dce6ccba189ef2a0e 200 141 - 223.325 ms
::1 GET /products/ 200 3547 - 308.544 ms
::1 DELETE /products/69374bd484ab75da18ef8ae2 200 152 - 366.470 ms
::1 GET /products/ 200 3418 - 150.008 ms
::1 DELETE /products/6932123b94d4d98a7a833b35 401 45 - 4.226 ms
::1 DELETE /products/6932123b94d4d98a7a833b35 401 42 - 22.439 ms
::1 DELETE /products/6932123b94d4d98a7a833b35 401 97 - 2.278 ms
::1 DELETE /products/6932123b94d4d98a7a833b35 401 41 - 0.833 ms
::1 DELETE /products/6932123b94d4d98a7a833b35 401 42 - 14.512 ms
::1 DELETE /products/6932123b94d4d98a7a833b35 401 42 - 2.450 ms
::1 DELETE /products/6932123b94d4d98a7a833b35 401 42 - 1.156 ms
::1 DELETE /products/6932123b94d4d98a7a833b35 401 42 - 1.004 ms
::1 DELETE /products/6932123b94d4d98a7a833b35 401 42 - 0.595 ms
::1 DELETE /products/6932123b94d4d98a7a833b35 401 42 - 0.772 ms
::1 DELETE /products/6932123b94d4d98a7a833b35 401 42 - 0.937 ms
::1 DELETE /products/6932123b94d4d98a7a833b35 401 42 - 0.666 ms
::1 DELETE /products/6932123b94d4d98a7a833b35 401 49 - 0.892 ms
